Using pre-set license
Built from '2020.3/staging' branch; Version is '2020.3.33f1 (915a7af8b0d5) revision 9525882'; Using compiler version '192528614'; Build Type 'Release'
OS: 'Windows 10  (10.0.19044) 64bit Core' Language: 'en' Physical Memory: 15725 MB
BatchMode: 1, IsHumanControllingUs: 0, StartBugReporterOnCrash: 0, Is64bit: 1, IsPro: 0

COMMAND LINE ARGUMENTS:
C:\Program Files\Unity\Hub\Editor\2020.3.33f1\Editor\Unity.exe
-adb2
-batchMode
-noUpm
-name
AssetImportWorker0
-projectPath
C:/Users/ionut/Desktop/Bomberman
-logFile
Logs/AssetImportWorker0.log
-srvPort
65400
Successfully changed project path to: C:/Users/ionut/Desktop/Bomberman
C:/Users/ionut/Desktop/Bomberman
Using Asset Import Pipeline V2.
Refreshing native plugins compatible for Editor in 159.21 ms, found 2 plugins.
Preloading 0 native plugins for Editor in 0.00 ms.
Initialize engine version: 2020.3.33f1 (915a7af8b0d5)
[Subsystems] Discovering subsystems at path C:/Program Files/Unity/Hub/Editor/2020.3.33f1/Editor/Data/Resources/UnitySubsystems
[Subsystems] Discovering subsystems at path C:/Users/ionut/Desktop/Bomberman/Assets
GfxDevice: creating device client; threaded=0
Direct3D:
    Version:  Direct3D 11.0 [level 11.1]
    Renderer: AMD Radeon(TM) Graphics (ID=0x1636)
    Vendor:   
    VRAM:     7862 MB
    Driver:   30.0.13023.4001
Initialize mono
Mono path[0] = 'C:/Program Files/Unity/Hub/Editor/2020.3.33f1/Editor/Data/Managed'
Mono path[1] = 'C:/Program Files/Unity/Hub/Editor/2020.3.33f1/Editor/Data/MonoBleedingEdge/lib/mono/unityjit'
Mono config path = 'C:/Program Files/Unity/Hub/Editor/2020.3.33f1/Editor/Data/MonoBleedingEdge/etc'
Using monoOptions --debugger-agent=transport=dt_socket,embedding=1,server=y,suspend=n,address=127.0.0.1:56672
Begin MonoManager ReloadAssembly
Registering precompiled unity dll's ...
Register platform support module: C:/Program Files/Unity/Hub/Editor/2020.3.33f1/Editor/Data/PlaybackEngines/WindowsStandaloneSupport/UnityEditor.WindowsStandalone.Extensions.dll
Registered in 0.008035 seconds.
Native extension for WindowsStandalone target not found
Refreshing native plugins compatible for Editor in 113.92 ms, found 2 plugins.
Preloading 0 native plugins for Editor in 0.00 ms.
Mono: successfully reloaded assembly
- Completed reload, in  1.252 seconds
Domain Reload Profiling:
	ReloadAssembly (1253ms)
		BeginReloadAssembly (205ms)
			ExecutionOrderSort (0ms)
			DisableScriptedObjects (0ms)
			BackupInstance (0ms)
			ReleaseScriptingObjects (0ms)
			CreateAndSetChildDomain (1ms)
		EndReloadAssembly (887ms)
			LoadAssemblies (201ms)
			RebuildTransferFunctionScriptingTraits (0ms)
			SetupTypeCache (296ms)
			ReleaseScriptCaches (0ms)
			RebuildScriptCaches (54ms)
			SetupLoadedEditorAssemblies (358ms)
				LogAssemblyErrors (0ms)
				InitializePlatformSupportModulesInManaged (11ms)
				SetLoadedEditorAssemblies (0ms)
				RefreshPlugins (114ms)
				BeforeProcessingInitializeOnLoad (24ms)
				ProcessInitializeOnLoadAttributes (145ms)
				ProcessInitializeOnLoadMethodAttributes (62ms)
				AfterProcessingInitializeOnLoad (0ms)
				EditorAssembliesLoaded (0ms)
			ExecutionOrderSort2 (0ms)
			AwakeInstancesAfterBackupRestoration (0ms)
Platform modules already initialized, skipping
Registering precompiled user dll's ...
Registered in 0.018349 seconds.
Begin MonoManager ReloadAssembly
Symbol file LoadedFromMemory doesn't match image C:\Users\ionut\Desktop\Bomberman\Library\PackageCache\com.unity.collab-proxy@1.15.15\Lib\Editor\PlasticSCM\unityplastic.dll
Native extension for WindowsStandalone target not found
Refreshing native plugins compatible for Editor in 1.38 ms, found 2 plugins.
Preloading 0 native plugins for Editor in 0.00 ms.
Mono: successfully reloaded assembly
- Completed reload, in  2.040 seconds
Domain Reload Profiling:
	ReloadAssembly (2042ms)
		BeginReloadAssembly (398ms)
			ExecutionOrderSort (0ms)
			DisableScriptedObjects (6ms)
			BackupInstance (0ms)
			ReleaseScriptingObjects (0ms)
			CreateAndSetChildDomain (41ms)
		EndReloadAssembly (1531ms)
			LoadAssemblies (301ms)
			RebuildTransferFunctionScriptingTraits (0ms)
			SetupTypeCache (478ms)
			ReleaseScriptCaches (1ms)
			RebuildScriptCaches (77ms)
			SetupLoadedEditorAssemblies (625ms)
				LogAssemblyErrors (0ms)
				InitializePlatformSupportModulesInManaged (8ms)
				SetLoadedEditorAssemblies (1ms)
				RefreshPlugins (2ms)
				BeforeProcessingInitializeOnLoad (159ms)
				ProcessInitializeOnLoadAttributes (329ms)
				ProcessInitializeOnLoadMethodAttributes (113ms)
				AfterProcessingInitializeOnLoad (13ms)
				EditorAssembliesLoaded (0ms)
			ExecutionOrderSort2 (0ms)
			AwakeInstancesAfterBackupRestoration (10ms)
Platform modules already initialized, skipping
========================================================================
Worker process is ready to serve import requests
Launched and connected shader compiler UnityShaderCompiler.exe after 0.10 seconds
Refreshing native plugins compatible for Editor in 1.32 ms, found 2 plugins.
Preloading 0 native plugins for Editor in 0.00 ms.
Unloading 2387 Unused Serialized files (Serialized files now loaded: 0)
System memory in use before: 96.7 MB.
System memory in use after: 96.8 MB.

Unloading 59 unused Assets to reduce memory usage. Loaded Objects now: 2799.
Total: 10.623600 ms (FindLiveObjects: 0.464800 ms CreateObjectMapping: 0.244700 ms MarkObjects: 9.755200 ms  DeleteObjects: 0.157000 ms)

AssetImportParameters requested are different than current active one (requested -> active):
  custom:framework-win-MediaFoundation: 216162199b28c13a410421893ffa2e32 -> 
  custom:video-decoder-ogg-theora: a1e56fd34408186e4bbccfd4996cb3dc -> 
  custom:container-muxer-webm: aa71ff27fc2769a1b78a27578f13a17b -> 
  custom:container-demuxer-webm: 4f35f7cbe854078d1ac9338744f61a02 -> 
  custom:container-demuxer-ogg: 62fdf1f143b41e24485cea50d1cbac27 -> 
  custom:video-encoder-webm-vp8: eb34c28f22e8b96e1ab97ce403110664 -> 
  custom:video-codec-MediaFoundation-h265: 746d11721c4dcdbdad8f713fa42b33f4 -> 
  custom:video-decoder-webm-vp8: 9c59270c3fd7afecdb556c50c9e8de78 -> 
  custom:audio-decoder-ogg-vorbis: bf7c407c2cedff20999df2af8eb42d56 -> 
  custom:audio-encoder-webm-vorbis: bf7c407c2cedff20999df2af8eb42d56 -> 
========================================================================
Received Import Request.
  path: Assets/Resources/BillingMode.json
  artifactKey: Guid(ea3149527d253b6469a819713592248e) Importer(815301076,1909f56bfc062723c751e8b465ee728b)
Start importing Assets/Resources/BillingMode.json using Guid(ea3149527d253b6469a819713592248e) Importer(815301076,1909f56bfc062723c751e8b465ee728b)  -> (artifact id: '0d074f9c5a7b047c4f8f381e5b9ef64f') in 0.121329 seconds 
========================================================================
Received Import Request.
  Time since last request: 2.676665 seconds.
  path: Assets/Resources/BillingMode 1.json
  artifactKey: Guid(314db4a1af3e0744886b4840b34d230d) Importer(815301076,1909f56bfc062723c751e8b465ee728b)
Start importing Assets/Resources/BillingMode 1.json using Guid(314db4a1af3e0744886b4840b34d230d) Importer(815301076,1909f56bfc062723c751e8b465ee728b)  -> (artifact id: 'b0a540d409593a3aca2a232c3b436172') in 0.008762 seconds 
========================================================================
Received Import Request.
  Time since last request: 51.926879 seconds.
  path: Assets/Prefabs/Bomb.prefab
  artifactKey: Guid(1294394b59f105c44bbd6e9531b5d10b) Importer(815301076,1909f56bfc062723c751e8b465ee728b)
Start importing Assets/Prefabs/Bomb.prefab using Guid(1294394b59f105c44bbd6e9531b5d10b) Importer(815301076,1909f56bfc062723c751e8b465ee728b)  -> (artifact id: '6f80537cc7998f4dc8e972992e519f2a') in 0.406846 seconds 
========================================================================
Received Import Request.
  Time since last request: 0.000583 seconds.
  path: Assets/Prefabs/Joystick Canvas.prefab
  artifactKey: Guid(ae32964ebfdb3bb48bd3585f253d0de9) Importer(815301076,1909f56bfc062723c751e8b465ee728b)
Start importing Assets/Prefabs/Joystick Canvas.prefab using Guid(ae32964ebfdb3bb48bd3585f253d0de9) Importer(815301076,1909f56bfc062723c751e8b465ee728b)  -> (artifact id: 'a4026f5b54f0ef90f77ca7e30100645a') in 0.044415 seconds 
========================================================================
Received Import Request.
  Time since last request: 0.000843 seconds.
  path: Assets/Prefabs/powerup_explosion.prefab
  artifactKey: Guid(9a8ab42d6f1b3a94e92fe881e0e867c6) Importer(815301076,1909f56bfc062723c751e8b465ee728b)
Start importing Assets/Prefabs/powerup_explosion.prefab using Guid(9a8ab42d6f1b3a94e92fe881e0e867c6) Importer(815301076,1909f56bfc062723c751e8b465ee728b)  -> (artifact id: '79ecd0ddd70b15eb790b983f259637c8') in 0.040965 seconds 
========================================================================
Received Import Request.
  Time since last request: 0.000587 seconds.
  path: Assets/Prefabs/powerup_kick.prefab
  artifactKey: Guid(f9f38f77edcc4364bbe69808863d0c83) Importer(815301076,1909f56bfc062723c751e8b465ee728b)
Start importing Assets/Prefabs/powerup_kick.prefab using Guid(f9f38f77edcc4364bbe69808863d0c83) Importer(815301076,1909f56bfc062723c751e8b465ee728b)  -> (artifact id: 'e59623ea5ae89b85482ea9be2b3c14ef') in 0.108536 seconds 
========================================================================
Received Import Request.
  Time since last request: 0.000816 seconds.
  path: Assets/Prefabs/Explosion.prefab
  artifactKey: Guid(69dfce71c987ee94ebd40421847e3c8e) Importer(815301076,1909f56bfc062723c751e8b465ee728b)
Start importing Assets/Prefabs/Explosion.prefab using Guid(69dfce71c987ee94ebd40421847e3c8e) Importer(815301076,1909f56bfc062723c751e8b465ee728b)  -> (artifact id: '811d116e4f57d16b0e73aac145f5dc51') in 0.039268 seconds 
========================================================================
Received Import Request.
  Time since last request: 0.000650 seconds.
  path: Assets/Prefabs/Fader.prefab
  artifactKey: Guid(781c8fafe48fecd48b8f5f164a6a6f99) Importer(815301076,1909f56bfc062723c751e8b465ee728b)
Start importing Assets/Prefabs/Fader.prefab using Guid(781c8fafe48fecd48b8f5f164a6a6f99) Importer(815301076,1909f56bfc062723c751e8b465ee728b)  -> (artifact id: '16cca09acb852166686fa38e213d6102') in 0.015726 seconds 
========================================================================
Received Import Request.
  Time since last request: 0.000595 seconds.
  path: Assets/Prefabs/powerup_speed.prefab
  artifactKey: Guid(3ac3af0756bb3654690122060f9cef08) Importer(815301076,1909f56bfc062723c751e8b465ee728b)
Start importing Assets/Prefabs/powerup_speed.prefab using Guid(3ac3af0756bb3654690122060f9cef08) Importer(815301076,1909f56bfc062723c751e8b465ee728b)  -> (artifact id: 'e4e5539ffc6fb67152820301a25e96db') in 0.039136 seconds 
========================================================================
Received Import Request.
  Time since last request: 0.000591 seconds.
  path: Assets/Prefabs/Breakable_explosion.prefab
  artifactKey: Guid(db0076e42780ca94692b9442ce9f1b5d) Importer(815301076,1909f56bfc062723c751e8b465ee728b)
Start importing Assets/Prefabs/Breakable_explosion.prefab using Guid(db0076e42780ca94692b9442ce9f1b5d) Importer(815301076,1909f56bfc062723c751e8b465ee728b)  -> (artifact id: '75abcb2fd4d644d4e6deab565da04dcb') in 0.083703 seconds 
========================================================================
Received Import Request.
  Time since last request: 0.000766 seconds.
  path: Assets/Prefabs/powerup_bomb.prefab
  artifactKey: Guid(0b96cfde923514d4f94409c375d99959) Importer(815301076,1909f56bfc062723c751e8b465ee728b)
Start importing Assets/Prefabs/powerup_bomb.prefab using Guid(0b96cfde923514d4f94409c375d99959) Importer(815301076,1909f56bfc062723c751e8b465ee728b)  -> (artifact id: '85c6ae0f44e25286793bdb31042d2edc') in 0.049899 seconds 
========================================================================
Received Import Request.
  Time since last request: 0.000553 seconds.
  path: Assets/Prefabs/powerup_life.prefab
  artifactKey: Guid(879451a5e2214f143a7edf5dd3e32020) Importer(815301076,1909f56bfc062723c751e8b465ee728b)
Start importing Assets/Prefabs/powerup_life.prefab using Guid(879451a5e2214f143a7edf5dd3e32020) Importer(815301076,1909f56bfc062723c751e8b465ee728b)  -> (artifact id: '8e61ac71cfc5488367046747df8b44be') in 0.040700 seconds 
========================================================================
Received Import Request.
  Time since last request: 0.000483 seconds.
  path: Assets/Prefabs/Player_explosion.prefab
  artifactKey: Guid(0b3b81b6706f17d44b3998ecde2d37f1) Importer(815301076,1909f56bfc062723c751e8b465ee728b)
Start importing Assets/Prefabs/Player_explosion.prefab using Guid(0b3b81b6706f17d44b3998ecde2d37f1) Importer(815301076,1909f56bfc062723c751e8b465ee728b)  -> (artifact id: '9e657bf0b5d8f05c4f2286baccf7fe34') in 0.030380 seconds 
========================================================================
Received Import Request.
  Time since last request: 0.000582 seconds.
  path: Assets/Prefabs/spritesheet.png
  artifactKey: Guid(70978d4b51710a748a663ac14cc0b0e5) Importer(815301076,1909f56bfc062723c751e8b465ee728b)
Start importing Assets/Prefabs/spritesheet.png using Guid(70978d4b51710a748a663ac14cc0b0e5) Importer(815301076,1909f56bfc062723c751e8b465ee728b)  -> (artifact id: 'daf3fa91cbafa56bdcdd84dd0fede7ad') in 0.107817 seconds 
========================================================================
Received Import Request.
  Time since last request: 327.312498 seconds.
  path: Assets/Physics Materials/PlayerMaterial.physicMaterial
  artifactKey: Guid(f0e088af8b6d4d14fad7c0a4e0b03c13) Importer(815301076,1909f56bfc062723c751e8b465ee728b)
Start importing Assets/Physics Materials/PlayerMaterial.physicMaterial using Guid(f0e088af8b6d4d14fad7c0a4e0b03c13) Importer(815301076,1909f56bfc062723c751e8b465ee728b)  -> (artifact id: '106c044219101384bd3d652b130af492') in 0.030638 seconds 
========================================================================
Received Import Request.
  Time since last request: 7.095194 seconds.
  path: Assets/Textures/blackimg.png
  artifactKey: Guid(2c20b1f972ff7e64183383db528dbab3) Importer(815301076,1909f56bfc062723c751e8b465ee728b)
Start importing Assets/Textures/blackimg.png using Guid(2c20b1f972ff7e64183383db528dbab3) Importer(815301076,1909f56bfc062723c751e8b465ee728b)  -> (artifact id: 'f9d770310f6c8a21297d8a11c52367c0') in 0.040472 seconds 
========================================================================
Received Import Request.
  Time since last request: 0.000839 seconds.
  path: Assets/Textures/Player2Texture.png
  artifactKey: Guid(f7be390202016a04795fdc716157568f) Importer(815301076,1909f56bfc062723c751e8b465ee728b)
Start importing Assets/Textures/Player2Texture.png using Guid(f7be390202016a04795fdc716157568f) Importer(815301076,1909f56bfc062723c751e8b465ee728b)  -> (artifact id: '8ab0d7cd6881e43777175731c3674f74') in 0.043139 seconds 
========================================================================
Received Import Request.
  Time since last request: 0.000851 seconds.
  path: Assets/Textures/Player1Texture.png
  artifactKey: Guid(7a05eb51360a6b5448b4ea26fa692615) Importer(815301076,1909f56bfc062723c751e8b465ee728b)
Start importing Assets/Textures/Player1Texture.png using Guid(7a05eb51360a6b5448b4ea26fa692615) Importer(815301076,1909f56bfc062723c751e8b465ee728b)  -> (artifact id: '424389b136d5ff412b158c20c68b496a') in 0.042324 seconds 
========================================================================
Received Import Request.
  Time since last request: 0.001109 seconds.
  path: Assets/Textures/Image.prefab
  artifactKey: Guid(317a1adc25e1a6b4ca5a9825636f3df6) Importer(815301076,1909f56bfc062723c751e8b465ee728b)
Start importing Assets/Textures/Image.prefab using Guid(317a1adc25e1a6b4ca5a9825636f3df6) Importer(815301076,1909f56bfc062723c751e8b465ee728b)  -> (artifact id: 'c647f863b874c10299c712c344373b59') in 0.023493 seconds 
========================================================================
Received Import Request.
  Time since last request: 16.085699 seconds.
  path: Assets/Skybox/Scene
  artifactKey: Guid(570cba0f0f14e2c41a3870c6e4989832) Importer(815301076,1909f56bfc062723c751e8b465ee728b)
Start importing Assets/Skybox/Scene using Guid(570cba0f0f14e2c41a3870c6e4989832) Importer(815301076,1909f56bfc062723c751e8b465ee728b)  -> (artifact id: '9d19acbfbf4c3b5daa6cb2d1dd1176c1') in 0.021527 seconds 
========================================================================
Received Import Request.
  Time since last request: 3.160099 seconds.
  path: Assets/Skybox/Materials/Skybox_Daytime.mat
  artifactKey: Guid(71f14a2d79f732f4d9893ef1b911f4ff) Importer(815301076,1909f56bfc062723c751e8b465ee728b)
Start importing Assets/Skybox/Materials/Skybox_Daytime.mat using Guid(71f14a2d79f732f4d9893ef1b911f4ff) Importer(815301076,1909f56bfc062723c751e8b465ee728b)  -> (artifact id: 'eb769adbfb931f9ec050b57cbbb2d8a9') in 0.287071 seconds 
========================================================================
Received Import Request.
  Time since last request: 0.000785 seconds.
  path: Assets/Skybox/Materials/Skybox_Sunset.mat
  artifactKey: Guid(4067de1a02072244798361060c5e7325) Importer(815301076,1909f56bfc062723c751e8b465ee728b)
Start importing Assets/Skybox/Materials/Skybox_Sunset.mat using Guid(4067de1a02072244798361060c5e7325) Importer(815301076,1909f56bfc062723c751e8b465ee728b)  -> (artifact id: '953b255f985c3373a5adafa07d9598fd') in 0.136691 seconds 
========================================================================
Received Import Request.
  Time since last request: 2.857757 seconds.
  path: Assets/Skybox/Cubemaps/daytime.hdr
  artifactKey: Guid(1cde0e200e792cb4491204276a656490) Importer(815301076,1909f56bfc062723c751e8b465ee728b)
Start importing Assets/Skybox/Cubemaps/daytime.hdr using Guid(1cde0e200e792cb4491204276a656490) Importer(815301076,1909f56bfc062723c751e8b465ee728b)  -> (artifact id: 'e727350860ad0930ea1f49c1b70812de') in 0.158256 seconds 
========================================================================
Received Import Request.
  Time since last request: 0.000780 seconds.
  path: Assets/Skybox/Cubemaps/ReflectionProbe-0.exr
  artifactKey: Guid(369836ad535c74c4a963b1c12fc2fda7) Importer(815301076,1909f56bfc062723c751e8b465ee728b)
Start importing Assets/Skybox/Cubemaps/ReflectionProbe-0.exr using Guid(369836ad535c74c4a963b1c12fc2fda7) Importer(815301076,1909f56bfc062723c751e8b465ee728b)  -> (artifact id: '6fab484ca81dd9fe55b80b51a91999e9') in 0.065976 seconds 
========================================================================
Received Import Request.
  Time since last request: 0.000741 seconds.
  path: Assets/Skybox/Cubemaps/sunset.hdr
  artifactKey: Guid(5bf9c07c9543b2348a3965f4a09d8600) Importer(815301076,1909f56bfc062723c751e8b465ee728b)
Start importing Assets/Skybox/Cubemaps/sunset.hdr using Guid(5bf9c07c9543b2348a3965f4a09d8600) Importer(815301076,1909f56bfc062723c751e8b465ee728b)  -> (artifact id: 'b9924c36cc3aa2408515251eafd88021') in 0.101482 seconds 
========================================================================
Received Import Request.
  Time since last request: 5.574813 seconds.
  path: Assets/3LE Low Poly Cloud Pack/Prefabs/Clouds_Cumulonimbus_G1.prefab
  artifactKey: Guid(7a7ada80b7910bb47aa7c5434361abb6) Importer(815301076,1909f56bfc062723c751e8b465ee728b)
Start importing Assets/3LE Low Poly Cloud Pack/Prefabs/Clouds_Cumulonimbus_G1.prefab using Guid(7a7ada80b7910bb47aa7c5434361abb6) Importer(815301076,1909f56bfc062723c751e8b465ee728b)  -> (artifact id: '6394a343ec9511cd109d9f130a52e453') in 0.061497 seconds 
========================================================================
Received Import Request.
  Time since last request: 0.000732 seconds.
  path: Assets/3LE Low Poly Cloud Pack/Prefabs/Clouds_Cumulonimbus_G2.prefab
  artifactKey: Guid(20822131f7a068849967c4eb0328c80d) Importer(815301076,1909f56bfc062723c751e8b465ee728b)
Start importing Assets/3LE Low Poly Cloud Pack/Prefabs/Clouds_Cumulonimbus_G2.prefab using Guid(20822131f7a068849967c4eb0328c80d) Importer(815301076,1909f56bfc062723c751e8b465ee728b)  -> (artifact id: '3db4c41a1fbf80a15e1eb6b743fa2071') in 0.038582 seconds 
========================================================================
Received Import Request.
  Time since last request: 0.000561 seconds.
  path: Assets/3LE Low Poly Cloud Pack/Prefabs/Clouds_Stratus_G2.prefab
  artifactKey: Guid(bcea47ee6f529ae49bd4e17c7203013a) Importer(815301076,1909f56bfc062723c751e8b465ee728b)
Start importing Assets/3LE Low Poly Cloud Pack/Prefabs/Clouds_Stratus_G2.prefab using Guid(bcea47ee6f529ae49bd4e17c7203013a) Importer(815301076,1909f56bfc062723c751e8b465ee728b)  -> (artifact id: 'a771094cac4198e007766d9c17ef3f01') in 0.030442 seconds 
========================================================================
Received Import Request.
  Time since last request: 0.000832 seconds.
  path: Assets/3LE Low Poly Cloud Pack/Prefabs
  artifactKey: Guid(b924b28d3c8aaba42af99c9ff2212c80) Importer(815301076,1909f56bfc062723c751e8b465ee728b)
Start importing Assets/3LE Low Poly Cloud Pack/Prefabs using Guid(b924b28d3c8aaba42af99c9ff2212c80) Importer(815301076,1909f56bfc062723c751e8b465ee728b)  -> (artifact id: '15e03f4a2cd4dfd68e2647ee7a2a8b03') in 0.011402 seconds 
========================================================================
Received Import Request.
  Time since last request: 0.000508 seconds.
  path: Assets/3LE Low Poly Cloud Pack/Prefabs/Clouds_Swirls_G2.prefab
  artifactKey: Guid(89b3a320a09b72848bd1a24f275e683e) Importer(815301076,1909f56bfc062723c751e8b465ee728b)
Start importing Assets/3LE Low Poly Cloud Pack/Prefabs/Clouds_Swirls_G2.prefab using Guid(89b3a320a09b72848bd1a24f275e683e) Importer(815301076,1909f56bfc062723c751e8b465ee728b)  -> (artifact id: '27851c3ca708cc2aa45c2c41d985cb2a') in 0.033150 seconds 
========================================================================
Received Import Request.
  Time since last request: 0.000634 seconds.
  path: Assets/3LE Low Poly Cloud Pack/Prefabs/Clouds_Strato_G2.prefab
  artifactKey: Guid(79f3726e667d7254296b8aef52d0f074) Importer(815301076,1909f56bfc062723c751e8b465ee728b)
Start importing Assets/3LE Low Poly Cloud Pack/Prefabs/Clouds_Strato_G2.prefab using Guid(79f3726e667d7254296b8aef52d0f074) Importer(815301076,1909f56bfc062723c751e8b465ee728b)  -> (artifact id: '61ac4a43738aa3bc80d8f367f919ff18') in 0.031302 seconds 
========================================================================
Received Import Request.
  Time since last request: 0.000658 seconds.
  path: Assets/3LE Low Poly Cloud Pack/Prefabs/Clouds_Strato_G1.prefab
  artifactKey: Guid(9ee1a2ad264aa2040bef16ca093d6046) Importer(815301076,1909f56bfc062723c751e8b465ee728b)
Start importing Assets/3LE Low Poly Cloud Pack/Prefabs/Clouds_Strato_G1.prefab using Guid(9ee1a2ad264aa2040bef16ca093d6046) Importer(815301076,1909f56bfc062723c751e8b465ee728b)  -> (artifact id: 'beb7985f3e70d910f0efd0e342600b31') in 0.031717 seconds 
========================================================================
Received Import Request.
  Time since last request: 0.000617 seconds.
  path: Assets/3LE Low Poly Cloud Pack/Prefabs/Clouds_Cumulus_G2.prefab
  artifactKey: Guid(e5a9e0b66bb8a8b47a28819231a34fc2) Importer(815301076,1909f56bfc062723c751e8b465ee728b)
Start importing Assets/3LE Low Poly Cloud Pack/Prefabs/Clouds_Cumulus_G2.prefab using Guid(e5a9e0b66bb8a8b47a28819231a34fc2) Importer(815301076,1909f56bfc062723c751e8b465ee728b)  -> (artifact id: 'd343b0d979945cbc6e2d3212df450f5f') in 0.034841 seconds 
========================================================================
Received Import Request.
  Time since last request: 0.000587 seconds.
  path: Assets/3LE Low Poly Cloud Pack/Prefabs/Clouds_Swirls_G1.prefab
  artifactKey: Guid(b94cc7cff6b6e2645a5e7c1ce686314b) Importer(815301076,1909f56bfc062723c751e8b465ee728b)
Start importing Assets/3LE Low Poly Cloud Pack/Prefabs/Clouds_Swirls_G1.prefab using Guid(b94cc7cff6b6e2645a5e7c1ce686314b) Importer(815301076,1909f56bfc062723c751e8b465ee728b)  -> (artifact id: 'f7fbfc4f62b16835f434c0c2b3c707ec') in 0.029836 seconds 
========================================================================
Received Import Request.
  Time since last request: 0.000700 seconds.
  path: Assets/3LE Low Poly Cloud Pack/Prefabs/Clouds_Cumulus_G1.prefab
  artifactKey: Guid(decc2ba5add7b984aab134a07b436422) Importer(815301076,1909f56bfc062723c751e8b465ee728b)
Start importing Assets/3LE Low Poly Cloud Pack/Prefabs/Clouds_Cumulus_G1.prefab using Guid(decc2ba5add7b984aab134a07b436422) Importer(815301076,1909f56bfc062723c751e8b465ee728b)  -> (artifact id: '14a6818c0ef132fb64714e7dec2106dd') in 0.040913 seconds 
========================================================================
Received Import Request.
  Time since last request: 0.000527 seconds.
  path: Assets/3LE Low Poly Cloud Pack/Prefabs/Clouds_Stratus_G1.prefab
  artifactKey: Guid(01bebc0732355504095ed95d90508654) Importer(815301076,1909f56bfc062723c751e8b465ee728b)
Start importing Assets/3LE Low Poly Cloud Pack/Prefabs/Clouds_Stratus_G1.prefab using Guid(01bebc0732355504095ed95d90508654) Importer(815301076,1909f56bfc062723c751e8b465ee728b)  -> (artifact id: 'fad443d80bb0648443340923f824c6d2') in 0.028388 seconds 
========================================================================
Received Import Request.
  Time since last request: 7.139891 seconds.
  path: Assets/_TerrainAutoUpgrade/layer_CCArchTileA_AlbedoCCArchTileA_Normala94091e7652eba76.terrainlayer
  artifactKey: Guid(a14c7fbe59cde0d429c7d87242d7e1ff) Importer(815301076,1909f56bfc062723c751e8b465ee728b)
Start importing Assets/_TerrainAutoUpgrade/layer_CCArchTileA_AlbedoCCArchTileA_Normala94091e7652eba76.terrainlayer using Guid(a14c7fbe59cde0d429c7d87242d7e1ff) Importer(815301076,1909f56bfc062723c751e8b465ee728b)  -> (artifact id: '701dbbaae1de80328b54f68046fb114d') in 0.111005 seconds 
========================================================================
Received Import Request.
  Time since last request: 0.000822 seconds.
  path: Assets/_TerrainAutoUpgrade/layer_CCDirtGrass_AlbedoBCCDirtGrass_Normal12a734f1a24d4f9e.terrainlayer
  artifactKey: Guid(7bdeed71360f50647abce929864c69e3) Importer(815301076,1909f56bfc062723c751e8b465ee728b)
Start importing Assets/_TerrainAutoUpgrade/layer_CCDirtGrass_AlbedoBCCDirtGrass_Normal12a734f1a24d4f9e.terrainlayer using Guid(7bdeed71360f50647abce929864c69e3) Importer(815301076,1909f56bfc062723c751e8b465ee728b)  -> (artifact id: '93affb25941cdcdf6d634b9fdf80f214') in 0.088804 seconds 
========================================================================
Received Import Request.
  Time since last request: 0.000815 seconds.
  path: Assets/_TerrainAutoUpgrade/layer_CCCliff_AlbedoBCCCliff_Normalb956af97c33fc3d7.terrainlayer
  artifactKey: Guid(eb62f907883ef1843bc648bde2f2bbdc) Importer(815301076,1909f56bfc062723c751e8b465ee728b)
Start importing Assets/_TerrainAutoUpgrade/layer_CCCliff_AlbedoBCCCliff_Normalb956af97c33fc3d7.terrainlayer using Guid(eb62f907883ef1843bc648bde2f2bbdc) Importer(815301076,1909f56bfc062723c751e8b465ee728b)  -> (artifact id: '17732bdca968e76a5505c0e9f349d00b') in 0.079641 seconds 
========================================================================
Received Import Request.
  Time since last request: 0.000751 seconds.
  path: Assets/_TerrainAutoUpgrade/layer_CCRuinsBTerrain_ColorCCRuinsBTerrain_Normal1dc7420b2ece7392.terrainlayer
  artifactKey: Guid(172fe985d492eec4c80b39a5e0b4c7ff) Importer(815301076,1909f56bfc062723c751e8b465ee728b)
Start importing Assets/_TerrainAutoUpgrade/layer_CCRuinsBTerrain_ColorCCRuinsBTerrain_Normal1dc7420b2ece7392.terrainlayer using Guid(172fe985d492eec4c80b39a5e0b4c7ff) Importer(815301076,1909f56bfc062723c751e8b465ee728b)  -> (artifact id: '87a3958c36b5983494efcb0e56d5b083') in 0.075740 seconds 
========================================================================
Received Import Request.
  Time since last request: 0.000805 seconds.
  path: Assets/_TerrainAutoUpgrade/layer_CCRockLight_AlbedoCCRockLight_Normalb956af97c33fc3d7.terrainlayer
  artifactKey: Guid(ed6c8251cfbe5da4dac481b4e9f220c1) Importer(815301076,1909f56bfc062723c751e8b465ee728b)
Start importing Assets/_TerrainAutoUpgrade/layer_CCRockLight_AlbedoCCRockLight_Normalb956af97c33fc3d7.terrainlayer using Guid(ed6c8251cfbe5da4dac481b4e9f220c1) Importer(815301076,1909f56bfc062723c751e8b465ee728b)  -> (artifact id: 'a73617e23552895a4d4e547f322c0211') in 0.075882 seconds 
========================================================================
Received Import Request.
  Time since last request: 0.000746 seconds.
  path: Assets/_TerrainAutoUpgrade/layer_CCDrit_AlbedoBCCDetailsC_Normal3d3aba195e4d26ee.terrainlayer
  artifactKey: Guid(25b8d1c9300c3a24e911ab48fb7d0e2c) Importer(815301076,1909f56bfc062723c751e8b465ee728b)
Start importing Assets/_TerrainAutoUpgrade/layer_CCDrit_AlbedoBCCDetailsC_Normal3d3aba195e4d26ee.terrainlayer using Guid(25b8d1c9300c3a24e911ab48fb7d0e2c) Importer(815301076,1909f56bfc062723c751e8b465ee728b)  -> (artifact id: '19b5c218d027c94424b3ebcc7a66a551') in 0.080569 seconds 
========================================================================
Received Import Request.
  Time since last request: 0.000704 seconds.
  path: Assets/_TerrainAutoUpgrade/layer_CCDirtGrass_AlbedoCCDirtGrass_Normal3d3aba195e4d26ee.terrainlayer
  artifactKey: Guid(ac40433b93801c6459b627e95a6f5be9) Importer(815301076,1909f56bfc062723c751e8b465ee728b)
Start importing Assets/_TerrainAutoUpgrade/layer_CCDirtGrass_AlbedoCCDirtGrass_Normal3d3aba195e4d26ee.terrainlayer using Guid(ac40433b93801c6459b627e95a6f5be9) Importer(815301076,1909f56bfc062723c751e8b465ee728b)  -> (artifact id: 'f0cb708e6ecc684216f0ac014aa20eb0') in 0.064966 seconds 
========================================================================
Received Import Request.
  Time since last request: 0.000774 seconds.
  path: Assets/_TerrainAutoUpgrade/layer_CCArchTileA_AlbedoCCArchTileA_Normalb956af97c33fc3d7.terrainlayer
  artifactKey: Guid(6ed9e2e40414b7b4a867fe6b11f34437) Importer(815301076,1909f56bfc062723c751e8b465ee728b)
Start importing Assets/_TerrainAutoUpgrade/layer_CCArchTileA_AlbedoCCArchTileA_Normalb956af97c33fc3d7.terrainlayer using Guid(6ed9e2e40414b7b4a867fe6b11f34437) Importer(815301076,1909f56bfc062723c751e8b465ee728b)  -> (artifact id: '764a3b1bf7c44f19850f1b3fceed6cfb') in 0.072210 seconds 
========================================================================
Received Import Request.
  Time since last request: 0.000602 seconds.
  path: Assets/_TerrainAutoUpgrade/layer_CCDrit_AlbedoACCDetailsC_Normal3d3aba195e4d26ee.terrainlayer
  artifactKey: Guid(762215e0e74df2449a271bfe021eeede) Importer(815301076,1909f56bfc062723c751e8b465ee728b)
Start importing Assets/_TerrainAutoUpgrade/layer_CCDrit_AlbedoACCDetailsC_Normal3d3aba195e4d26ee.terrainlayer using Guid(762215e0e74df2449a271bfe021eeede) Importer(815301076,1909f56bfc062723c751e8b465ee728b)  -> (artifact id: 'bf2d913619ce0f9a739b53053331018e') in 0.067375 seconds 
========================================================================
Received Import Request.
  Time since last request: 0.000873 seconds.
  path: Assets/_TerrainAutoUpgrade/layer_CCArchTileB_AlbedoBCCArchTileB_Normal3d1cca0d6d0e9938.terrainlayer
  artifactKey: Guid(26a1406418ad47443921ce0f410ec561) Importer(815301076,1909f56bfc062723c751e8b465ee728b)
Start importing Assets/_TerrainAutoUpgrade/layer_CCArchTileB_AlbedoBCCArchTileB_Normal3d1cca0d6d0e9938.terrainlayer using Guid(26a1406418ad47443921ce0f410ec561) Importer(815301076,1909f56bfc062723c751e8b465ee728b)  -> (artifact id: 'e931d5d4f0bd8e02eb2d99b70f5d0e35') in 0.068585 seconds 
========================================================================
Received Import Request.
  Time since last request: 0.000754 seconds.
  path: Assets/_TerrainAutoUpgrade/layer_CCDirtGrass_AlbedoBCCDirtGrass_Normal3d3aba195e4d26ee.terrainlayer
  artifactKey: Guid(e3400148ab916a74c8cff75bfcd5fc2b) Importer(815301076,1909f56bfc062723c751e8b465ee728b)
Start importing Assets/_TerrainAutoUpgrade/layer_CCDirtGrass_AlbedoBCCDirtGrass_Normal3d3aba195e4d26ee.terrainlayer using Guid(e3400148ab916a74c8cff75bfcd5fc2b) Importer(815301076,1909f56bfc062723c751e8b465ee728b)  -> (artifact id: 'ac2f065788634f42f581ea9a4276048a') in 0.073237 seconds 
========================================================================
Received Import Request.
  Time since last request: 0.000686 seconds.
  path: Assets/_TerrainAutoUpgrade/layer_CCDirtGrass_AlbedoBCCDirtGrass_Normalb956af97c33fc3d7.terrainlayer
  artifactKey: Guid(bf6d82c81d56f8f45918d8074f4bc44a) Importer(815301076,1909f56bfc062723c751e8b465ee728b)
Start importing Assets/_TerrainAutoUpgrade/layer_CCDirtGrass_AlbedoBCCDirtGrass_Normalb956af97c33fc3d7.terrainlayer using Guid(bf6d82c81d56f8f45918d8074f4bc44a) Importer(815301076,1909f56bfc062723c751e8b465ee728b)  -> (artifact id: 'aaae2f4375a0c3745527131412b66183') in 0.079764 seconds 
========================================================================
Received Import Request.
  Time since last request: 0.000677 seconds.
  path: Assets/_TerrainAutoUpgrade/layer_CCDrit_AlbedoACCDetailsC_Normalb956af97c33fc3d7.terrainlayer
  artifactKey: Guid(4c31ea660831d6340b69b0b5ceca80b3) Importer(815301076,1909f56bfc062723c751e8b465ee728b)
Start importing Assets/_TerrainAutoUpgrade/layer_CCDrit_AlbedoACCDetailsC_Normalb956af97c33fc3d7.terrainlayer using Guid(4c31ea660831d6340b69b0b5ceca80b3) Importer(815301076,1909f56bfc062723c751e8b465ee728b)  -> (artifact id: '41be15a5e92d35170bdb7434b639e462') in 0.092632 seconds 
========================================================================
Received Import Request.
  Time since last request: 0.000597 seconds.
  path: Assets/_TerrainAutoUpgrade/layer_CCDrit_AlbedoBCCDetailsC_Normalb956af97c33fc3d7.terrainlayer
  artifactKey: Guid(d6ba8bba2472b6c4399683d985afb575) Importer(815301076,1909f56bfc062723c751e8b465ee728b)
Start importing Assets/_TerrainAutoUpgrade/layer_CCDrit_AlbedoBCCDetailsC_Normalb956af97c33fc3d7.terrainlayer using Guid(d6ba8bba2472b6c4399683d985afb575) Importer(815301076,1909f56bfc062723c751e8b465ee728b)  -> (artifact id: '6847fb3e26f5cf98886d3f367a716080') in 0.060059 seconds 
========================================================================
Received Prepare
Registering precompiled user dll's ...
Registered in 0.016923 seconds.
Begin MonoManager ReloadAssembly
Symbol file LoadedFromMemory doesn't match image C:\Users\ionut\Desktop\Bomberman\Library\PackageCache\com.unity.collab-proxy@1.15.15\Lib\Editor\PlasticSCM\unityplastic.dll
Native extension for WindowsStandalone target not found
Refreshing native plugins compatible for Editor in 1.45 ms, found 2 plugins.
Preloading 0 native plugins for Editor in 0.00 ms.
Mono: successfully reloaded assembly
- Completed reload, in  1.897 seconds
Domain Reload Profiling:
	ReloadAssembly (1899ms)
		BeginReloadAssembly (210ms)
			ExecutionOrderSort (0ms)
			DisableScriptedObjects (8ms)
			BackupInstance (0ms)
			ReleaseScriptingObjects (0ms)
			CreateAndSetChildDomain (59ms)
		EndReloadAssembly (1584ms)
			LoadAssemblies (209ms)
			RebuildTransferFunctionScriptingTraits (0ms)
			SetupTypeCache (493ms)
			ReleaseScriptCaches (2ms)
			RebuildScriptCaches (78ms)
			SetupLoadedEditorAssemblies (651ms)
				LogAssemblyErrors (0ms)
				InitializePlatformSupportModulesInManaged (8ms)
				SetLoadedEditorAssemblies (1ms)
				RefreshPlugins (2ms)
				BeforeProcessingInitializeOnLoad (154ms)
				ProcessInitializeOnLoadAttributes (322ms)
				ProcessInitializeOnLoadMethodAttributes (150ms)
				AfterProcessingInitializeOnLoad (14ms)
				EditorAssembliesLoaded (0ms)
			ExecutionOrderSort2 (0ms)
			AwakeInstancesAfterBackupRestoration (14ms)
Platform modules already initialized, skipping
Refreshing native plugins compatible for Editor in 1.34 ms, found 2 plugins.
Preloading 0 native plugins for Editor in 0.00 ms.
Unloading 2369 Unused Serialized files (Serialized files now loaded: 0)
System memory in use before: 98.9 MB.
System memory in use after: 99.1 MB.

Unloading 52 unused Assets to reduce memory usage. Loaded Objects now: 2850.
Total: 12.026800 ms (FindLiveObjects: 0.595300 ms CreateObjectMapping: 0.169000 ms MarkObjects: 11.088200 ms  DeleteObjects: 0.172000 ms)

AssetImportParameters requested are different than current active one (requested -> active):
  custom:framework-win-MediaFoundation: 216162199b28c13a410421893ffa2e32 -> 
  custom:video-decoder-ogg-theora: a1e56fd34408186e4bbccfd4996cb3dc -> 
  custom:container-muxer-webm: aa71ff27fc2769a1b78a27578f13a17b -> 
  custom:container-demuxer-webm: 4f35f7cbe854078d1ac9338744f61a02 -> 
  custom:container-demuxer-ogg: 62fdf1f143b41e24485cea50d1cbac27 -> 
  custom:video-encoder-webm-vp8: eb34c28f22e8b96e1ab97ce403110664 -> 
  custom:video-codec-MediaFoundation-h265: 746d11721c4dcdbdad8f713fa42b33f4 -> 
  custom:video-decoder-webm-vp8: 9c59270c3fd7afecdb556c50c9e8de78 -> 
  custom:audio-decoder-ogg-vorbis: bf7c407c2cedff20999df2af8eb42d56 -> 
  custom:audio-encoder-webm-vorbis: bf7c407c2cedff20999df2af8eb42d56 -> 
========================================================================
Received Prepare
Registering precompiled user dll's ...
Registered in 0.018397 seconds.
Begin MonoManager ReloadAssembly
Symbol file LoadedFromMemory doesn't match image C:\Users\ionut\Desktop\Bomberman\Library\PackageCache\com.unity.collab-proxy@1.15.15\Lib\Editor\PlasticSCM\unityplastic.dll
Native extension for WindowsStandalone target not found
Refreshing native plugins compatible for Editor in 1.51 ms, found 2 plugins.
Preloading 0 native plugins for Editor in 0.00 ms.
Mono: successfully reloaded assembly
- Completed reload, in  1.819 seconds
Domain Reload Profiling:
	ReloadAssembly (1821ms)
		BeginReloadAssembly (218ms)
			ExecutionOrderSort (0ms)
			DisableScriptedObjects (8ms)
			BackupInstance (0ms)
			ReleaseScriptingObjects (0ms)
			CreateAndSetChildDomain (56ms)
		EndReloadAssembly (1489ms)
			LoadAssemblies (243ms)
			RebuildTransferFunctionScriptingTraits (0ms)
			SetupTypeCache (467ms)
			ReleaseScriptCaches (2ms)
			RebuildScriptCaches (75ms)
			SetupLoadedEditorAssemblies (597ms)
				LogAssemblyErrors (0ms)
				InitializePlatformSupportModulesInManaged (8ms)
				SetLoadedEditorAssemblies (1ms)
				RefreshPlugins (2ms)
				BeforeProcessingInitializeOnLoad (159ms)
				ProcessInitializeOnLoadAttributes (313ms)
				ProcessInitializeOnLoadMethodAttributes (100ms)
				AfterProcessingInitializeOnLoad (13ms)
				EditorAssembliesLoaded (0ms)
			ExecutionOrderSort2 (0ms)
			AwakeInstancesAfterBackupRestoration (9ms)
Platform modules already initialized, skipping
Refreshing native plugins compatible for Editor in 1.30 ms, found 2 plugins.
Preloading 0 native plugins for Editor in 0.00 ms.
Unloading 2369 Unused Serialized files (Serialized files now loaded: 0)
System memory in use before: 98.9 MB.
System memory in use after: 99.1 MB.

Unloading 50 unused Assets to reduce memory usage. Loaded Objects now: 2853.
Total: 12.163800 ms (FindLiveObjects: 0.455600 ms CreateObjectMapping: 0.204800 ms MarkObjects: 11.435700 ms  DeleteObjects: 0.065600 ms)

AssetImportParameters requested are different than current active one (requested -> active):
  custom:framework-win-MediaFoundation: 216162199b28c13a410421893ffa2e32 -> 
  custom:video-decoder-ogg-theora: a1e56fd34408186e4bbccfd4996cb3dc -> 
  custom:container-muxer-webm: aa71ff27fc2769a1b78a27578f13a17b -> 
  custom:container-demuxer-webm: 4f35f7cbe854078d1ac9338744f61a02 -> 
  custom:container-demuxer-ogg: 62fdf1f143b41e24485cea50d1cbac27 -> 
  custom:video-encoder-webm-vp8: eb34c28f22e8b96e1ab97ce403110664 -> 
  custom:video-codec-MediaFoundation-h265: 746d11721c4dcdbdad8f713fa42b33f4 -> 
  custom:video-decoder-webm-vp8: 9c59270c3fd7afecdb556c50c9e8de78 -> 
  custom:audio-decoder-ogg-vorbis: bf7c407c2cedff20999df2af8eb42d56 -> 
  custom:audio-encoder-webm-vorbis: bf7c407c2cedff20999df2af8eb42d56 -> 
AssetImportWorkerClient::OnTransportError - code=2 error=End of file
